2025-04-21 02:09:04,003 - INFO - Starting to crawl...
2025-04-21 02:09:04,006 - INFO - Testing menu parsing for tljus
2025-04-21 02:09:05,100 - INFO - Testing menu parsing for breadtalk
2025-04-21 02:09:06,759 - INFO - Testing menu parsing for panacota
2025-04-21 02:09:07,505 - INFO - Testing menu parsing for cailonuong
2025-04-21 02:12:24,718 - INFO - Starting to crawl...
2025-04-21 02:12:24,721 - INFO - Testing menu parsing for tljus
2025-04-21 02:12:25,906 - INFO - Testing menu parsing for breadtalk
2025-04-21 02:12:27,875 - INFO - Testing menu parsing for panacota
2025-04-21 02:12:28,858 - INFO - Testing menu parsing for cailonuong
2025-04-21 02:13:12,403 - INFO - Starting to crawl...
2025-04-21 02:13:12,406 - INFO - Testing menu parsing for tljus
2025-04-21 02:13:13,554 - INFO - Testing menu parsing for breadtalk
2025-04-21 02:13:15,318 - INFO - Testing menu parsing for panacota
2025-04-21 02:13:15,566 - INFO - Testing menu parsing for cailonuong
2025-04-21 02:14:15,804 - INFO - Starting to crawl...
2025-04-21 02:14:15,806 - INFO - Testing menu parsing for tljus
2025-04-21 02:14:16,773 - INFO - Testing menu parsing for breadtalk
2025-04-21 02:14:18,390 - INFO - Testing menu parsing for panacota
2025-04-21 02:14:18,610 - INFO - Testing menu parsing for cailonuong
2025-04-21 02:15:39,366 - INFO - Starting to crawl...
2025-04-21 02:15:39,370 - INFO - Testing menu parsing for tljus
2025-04-21 02:15:40,701 - INFO - Testing menu parsing for breadtalk
2025-04-21 02:15:42,463 - INFO - Testing menu parsing for panacota
2025-04-21 02:15:42,671 - INFO - Testing menu parsing for cailonuong
2025-04-21 02:16:59,447 - INFO - Starting to crawl...
2025-04-21 02:16:59,449 - INFO - Testing menu parsing for tljus
2025-04-21 02:17:00,473 - INFO - Testing menu parsing for breadtalk
2025-04-21 02:17:02,335 - INFO - Testing menu parsing for panacota
2025-04-21 02:17:02,936 - INFO - Testing menu parsing for cailonuong
2025-04-21 02:18:15,040 - INFO - Starting to crawl...
2025-04-21 02:18:15,043 - INFO - Testing menu parsing for tljus
2025-04-21 02:18:16,242 - INFO - Testing menu parsing for breadtalk
2025-04-21 02:18:18,110 - INFO - Testing menu parsing for panacota
2025-04-21 02:18:18,474 - INFO - Testing menu parsing for cailonuong
2025-04-21 02:21:53,314 - INFO - Testing menu parsing for tljus
2025-04-21 02:21:54,754 - INFO - Testing menu parsing for breadtalk
2025-04-21 02:21:56,426 - INFO - Testing menu parsing for panacota
2025-04-21 02:21:56,762 - INFO - Testing menu parsing for cailonuong
2025-04-21 04:51:44,877 - INFO - Testing menu parsing for tljus
2025-04-21 04:51:46,276 - INFO - Testing menu parsing for breadtalk
2025-04-21 04:51:48,320 - INFO - Testing menu parsing for panacota
2025-04-21 04:52:01,342 - INFO - Testing menu parsing for cailonuong
